<?xml version="1.0" encoding="UTF-8"?>
<!-- Generated by org.testng.reporters.JUnitXMLReporter -->
<testsuite ignored="0" hostname="LAPTOP-77387DFH" failures="0" tests="4" name="Default test" time="6.146" errors="0" timestamp="2020-04-14T11:01:51 EDT">
  <testcase classname="com.test.rest.RestAutomation" name="GET_Deck" time="3.241"/>
  <testcase classname="com.test.rest.RestAutomation" name="GET_drawFromDeck" time="0.502"/>
  <testcase classname="com.test.rest.RestAutomation" name="Get_Add_JokerEnabled" time="0.43"/>
  <testcase classname="com.test.rest.RestAutomation" name="Get_drawFromDeckCount" time="0.436"/>
</testsuite> <!-- Default test -->
